2025-07-01 05:27:40,390 - INFO - Создан новый пользователь с именем Бас7
2025-07-01 05:27:56,122 - INFO - Создан новый поток (thread) для пользователя
2025-07-01 05:27:56,476 - INFO - Получено сообщение: Что продаешь?
2025-07-01 05:27:56,902 - INFO - Запускаю ассистента...
2025-07-01 05:28:05,467 - INFO - Получено 2 сообщений от ассистента
2025-07-01 05:28:05,467 - INFO - Сообщение 1: role=assistant, content_type=<class 'list'>
2025-07-01 05:28:05,467 - INFO - Найдено сообщение ассистента #1
2025-07-01 05:28:05,467 - INFO - Извлечен текст из content[0]: Привет, приятель! Продавец я не обычный — торгую исключительно магическими знаниями! Но перед тем как показать мой ассортимент, дам тебе кое-что рассказать: у меня вся мистика. Если хочешь глянуть на категории волшебного добра, только свистни, я мигом покажу!...
2025-07-01 05:28:05,467 - INFO - Отправляю ответ пользователю: Привет, приятель! Продавец я не обычный — торгую исключительно магическими знаниями! Но перед тем как показать мой ассортимент, дам тебе кое-что рассказать: у меня вся мистика. Если хочешь глянуть на категории волшебного добра, только свистни, я мигом покажу!...
2025-07-01 05:28:19,027 - INFO - Получено сообщение: Категории показыва1
2025-07-01 05:28:24,724 - INFO - Запускаю ассистента...
2025-07-01 05:28:37,388 - INFO - Получено 4 сообщений от ассистента
2025-07-01 05:28:37,388 - INFO - Сообщение 1: role=assistant, content_type=<class 'list'>
2025-07-01 05:28:37,388 - INFO - Найдено сообщение ассистента #1
2025-07-01 05:28:37,388 - INFO - Извлечен текст из content[0]: А вот и магический прилавок, заглядывай:

1. **О магических дисциплинах (от особого поставщика)** — тут пока пусто, видно все по тайному следу ушли.
2. **О магических дисциплинах** — 6 кусочков волшебства на выбор. 
3. **О конкретных волшебниках или их группах** — пока пусто, молчат маги.
4. **О магических существах** — 1 чудо ожидает тебя.
5. **О магических местах и артефактах** — 1 загадочное место или предмет.
6. **Прочие знания** — аж 6 мудростей для любителей уникального!

Выбирай категорию, глянем, что магического можно прикупить!...
2025-07-01 05:28:37,388 - INFO - Отправляю ответ пользователю: А вот и магический прилавок, заглядывай:

1. **О магических дисциплинах (от особого поставщика)** — тут пока пусто, видно все по тайному следу ушли.
2. **О магических дисциплинах** — 6 кусочков волшебства на выбор. 
3. **О конкретных волшебниках или их группах** — пока пусто, молчат маги.
4. **О магических существах** — 1 чудо ожидает тебя.
5. **О магических местах и артефактах** — 1 загадочное место или предмет.
6. **Прочие знания** — аж 6 мудростей для любителей уникального!

Выбирай категорию, глянем, что магического можно прикупить!...
2025-07-01 05:30:52,746 - INFO - Получено сообщение: Покажи прочие
2025-07-01 05:30:58,401 - INFO - Запускаю ассистента...
2025-07-01 05:31:11,447 - INFO - Получено 6 сообщений от ассистента
2025-07-01 05:31:11,447 - INFO - Сообщение 1: role=assistant, content_type=<class 'list'>
2025-07-01 05:31:11,447 - INFO - Найдено сообщение ассистента #1
2025-07-01 05:31:11,448 - INFO - Извлечен текст из content[0]: Заглядывай в свой волшебный чат, все магические "прочие знания" уже там! Выбирай, что говорит тебе душа, и мы устроим тебе сделку!...
2025-07-01 05:31:11,448 - INFO - Отправляю ответ пользователю: Заглядывай в свой волшебный чат, все магические "прочие знания" уже там! Выбирай, что говорит тебе душа, и мы устроим тебе сделку!...
