2025-07-01 05:20:39,397 - INFO - Создан новый пользователь с именем Бас6
2025-07-01 05:20:55,356 - INFO - Создан новый поток (thread) для пользователя
2025-07-01 05:20:55,743 - INFO - Получено сообщение: Че есть?
2025-07-01 05:20:56,235 - INFO - Запускаю ассистента...
2025-07-01 05:21:09,153 - INFO - Получено 2 сообщений от ассистента
2025-07-01 05:21:09,153 - INFO - Сообщение 1: role=assistant, content_type=<class 'list'>
2025-07-01 05:21:09,153 - INFO - Найдено сообщение ассистента #1
2025-07-01 05:21:09,153 - INFO - Извлечен текст из content[0]: Эй, любитель волшебных дел, вот что у меня на прилавке:

1. **О магических дисциплинах (от особого поставщика)** - пусто, как в голове у зомби.
2. **О магических дисциплинах** - 6 штукариков.
3. **О конкретных волшебниках или их группах** - опять пусто, как в кармане.
4. **О магических существах** - всего 1 кусочек.
5. **О магических местах и артефактах** - 1 щепотка магии.
6. **Прочие знания** - шесть разноцветных кристаллов.

Если хочешь пополнить свой кошелёк интересностями, расскажи мне что-нибудь магическое! Или, если готов что-то купить, выбирай, а там разберёмся!...
2025-07-01 05:21:09,153 - INFO - Отправляю ответ пользователю: Эй, любитель волшебных дел, вот что у меня на прилавке:

1. **О магических дисциплинах (от особого поставщика)** - пусто, как в голове у зомби.
2. **О магических дисциплинах** - 6 штукариков.
3. **О конкретных волшебниках или их группах** - опять пусто, как в кармане.
4. **О магических существах** - всего 1 кусочек.
5. **О магических местах и артефактах** - 1 щепотка магии.
6. **Прочие знания** - шесть разноцветных кристаллов.

Если хочешь пополнить свой кошелёк интересностями, расскажи мне что-нибудь магическое! Или, если готов что-то купить, выбирай, а там разберёмся!...
2025-07-01 05:23:26,501 - INFO - Получено сообщение: А че есть?
2025-07-01 05:23:42,214 - INFO - Запускаю ассистента...
2025-07-01 05:23:50,797 - INFO - Получено 4 сообщений от ассистента
2025-07-01 05:23:50,797 - INFO - Сообщение 1: role=assistant, content_type=<class 'list'>
2025-07-01 05:23:50,797 - INFO - Найдено сообщение ассистента #1
2025-07-01 05:23:50,797 - INFO - Извлечен текст из content[0]: Если хочешь увидеть, что у нас тут за магия гуляет, нужно выбрать категорию, и я покажу, что там прячется! Смотрю, баланс у тебя пока нулевой, так что если хочешь что-то получить, придется поделиться своими магическими находками. Выбирай категорию, и вперед в мир чар и заклинаний!...
2025-07-01 05:23:50,797 - INFO - Отправляю ответ пользователю: Если хочешь увидеть, что у нас тут за магия гуляет, нужно выбрать категорию, и я покажу, что там прячется! Смотрю, баланс у тебя пока нулевой, так что если хочешь что-то получить, придется поделиться своими магическими находками. Выбирай категорию, и вперед в мир чар и заклинаний!...
2025-07-01 05:24:01,948 - INFO - Получено сообщение: Покажи список категорий
2025-07-01 05:24:07,639 - INFO - Запускаю ассистента...
2025-07-01 05:24:16,055 - INFO - Получено 6 сообщений от ассистента
2025-07-01 05:24:16,055 - INFO - Сообщение 1: role=assistant, content_type=<class 'list'>
2025-07-01 05:24:16,055 - INFO - Найдено сообщение ассистента #1
2025-07-01 05:24:16,055 - INFO - Извлечен текст из content[0]: Уже показывал, но не жалко еще раз прокрутить для тебя этот магический каталог:

1. **О магических дисциплинах (от особого поставщика)** - пока тут пусто.
2. **О магических дисциплинах** - у нас целых 6 штукариков.
3. **О конкретных волшебниках или их группах** - очередной вакуум.
4. **О магических существах** - 1 одинокая сорока.
5. **О магических местах и артефактах** - 1 магический талисман.
6. **Прочие знания** - 6 разноцветных кристаллов.

Выбирай, куда наведаться, чтобы посмотреть что-то конкретное!...
2025-07-01 05:24:16,055 - INFO - Отправляю ответ пользователю: Уже показывал, но не жалко еще раз прокрутить для тебя этот магический каталог:

1. **О магических дисциплинах (от особого поставщика)** - пока тут пусто.
2. **О магических дисциплинах** - у нас целых 6 штукариков.
3. **О конкретных волшебниках или их группах** - очередной вакуум.
4. **О магических существах** - 1 одинокая сорока.
5. **О магических местах и артефактах** - 1 магический талисман.
6. **Прочие знания** - 6 разноцветных кристаллов.

Выбирай, куда наведаться, чтобы посмотреть что-то конкретное!...
