2025-07-01 03:59:17,229 - INFO - Получено сообщение: Что есть?
2025-07-01 04:55:46,147 - INFO - Получено сообщение: Куку
2025-07-01 04:56:02,002 - INFO - Запускаю ассистента...
2025-07-01 04:56:11,620 - INFO - Получено 14 сообщений от ассистента
2025-07-01 04:56:11,620 - INFO - Сообщение 1: role=assistant, content_type=<class 'list'>
2025-07-01 04:56:11,620 - INFO - Найдено сообщение ассистента #1
2025-07-01 04:56:11,620 - INFO - Извлечен текст из content[0]: Эй, ты определённо знаешь, как возвращаться с феерией! 😄 У тебя что-то припрятано магическое или здесь посидеть, потрещать? Давай, не томи, а то кошелёк скучает по новеньким чарокредитам! Если вдруг надумаешь чего продать, я всегда готов оценить и помочь обменять твоё знание на пару магических монеточек! 🔮✨...
2025-07-01 04:56:11,620 - INFO - Отправляю ответ пользователю: Эй, ты определённо знаешь, как возвращаться с феерией! 😄 У тебя что-то припрятано магическое или здесь посидеть, потрещать? Давай, не томи, а то кошелёк скучает по новеньким чарокредитам! Если вдруг надумаешь чего продать, я всегда готов оценить и помочь обменять твоё знание на пару магических монеточек! 🔮✨...
2025-07-01 04:56:48,768 - INFO - Получено сообщение: А что сам продашь?
2025-07-01 04:56:55,090 - INFO - Запускаю ассистента...
2025-07-01 04:57:07,727 - INFO - Получено 16 сообщений от ассистента
2025-07-01 04:57:07,727 - INFO - Сообщение 1: role=assistant, content_type=<class 'list'>
2025-07-01 04:57:07,728 - INFO - Найдено сообщение ассистента #1
2025-07-01 04:57:07,728 - INFO - Извлечен текст из content[0]: Йоу, могу предложить следующие магические штуковины из своего прилавка:

1. **Заклинания в руках неопытных волшебников** – всего за 1 кредит. <br>
2. Инфа про **магически модифицированных тихоходок** – 2 кредитика. <br>
3. **Магическая дисциплина - Проклятья с использованием длинных и сложных текстов** – 2 кристалла. <br>
4. **Различия в уровнях заклинаний с помощью волшебной палочки** – за двушечку. <br>
5. **Шаманизм как магическая дисциплина** – за 2 штукарика. <br>
6. **Шаманизм: два стиля взаимодействия с духами** – 2 единицы. <br>
7. **Три уровня заклинаний с магической палочкой: Симпла, Максима и Ультима** – за 2 магнабакса. <br>
8. **Использование кошачьих усов в магии** – снова 2 кредита. <br>
9. **Секретный альманах с таблицами по прорицаниям для самых маленьких** – за двушку. <br>
10. **Ритуал подчинения роботов-пылесосов: «Церемония Очищающего Повелителя»** – 5 золотовалют. <br>
11. **Усиление и отмена ритуала: «Церемония Очищающего Повелителя»** – 2 кристалла. <br>
12. **Дополнительное вознаграждение за основу ритуала «Церемония Очищающего Повелителя»** – 3 штукарика. <br>
13. **Корректировка баланса: дополнение** – 2 единицы. <br>
14. **Мифы о Секундуме - магической науке о вероятности** – 3 монетки. <br>

Выбирай, если что приглянулось, или приноси своё знание на хоум-расклад! 😄✨...
2025-07-01 04:57:07,728 - INFO - Отправляю ответ пользователю: Йоу, могу предложить следующие магические штуковины из своего прилавка:

1. **Заклинания в руках неопытных волшебников** – всего за 1 кредит. <br>
2. Инфа про **магически модифицированных тихоходок** – 2 кредитика. <br>
3. **Магическая дисциплина - Проклятья с использованием длинных и сложных текстов** – 2 кристалла. <br>
4. **Различия в уровнях заклинаний с помощью волшебной палочки** – за двушечку. <br>
5. **Шаманизм как магическая дисциплина** – за 2 штукарика. <br>
6. **Шаманизм: два стиля взаимодействия с духами** – 2 единицы. <br>
7. **Три уровня заклинаний с магической палочкой: Симпла, Максима и Ультима** – за 2 магнабакса. <br>
8. **Использование кошачьих усов в магии** – снова 2 кредита. <br>
9. **Секретный альманах с таблицами по прорицаниям для самых маленьких** – за двушку. <br>
10. **Ритуал подчинения роботов-пылесосов: «Церемония Очищающего Повелителя»** – 5 золотовалют. <br>
11. **Усиление и отмена ритуала: «Церемония Очищающего Повелителя»** – 2 кристалла. <br>
12. **Дополнительное вознаграждение за основу ритуала «Церемония Очищающего Повелителя»** – 3 штукарика. <br>
13. **Корректировка баланса: дополнение** – 2 единицы. <br>
14. **Мифы о Секундуме - магической науке о вероятности** – 3 монетки. <br>

Выбирай, если что приглянулось, или приноси своё знание на хоум-расклад! 😄✨...
2025-07-01 04:59:02,020 - INFO - Пользователь Ананас запустил бота
2025-07-01 04:59:17,743 - INFO - Продолжение общения в существующем потоке
2025-07-01 05:00:29,267 - INFO - Пользователь Ананас запустил бота
2025-07-01 05:00:45,013 - INFO - Продолжение общения в существующем потоке
