2025-06-16 22:34:54,834 - INFO - Создан новый пользователь с именем Басё
2025-06-16 22:34:55,975 - INFO - Создан новый поток (thread) для пользователя
2025-06-16 22:35:53,785 - INFO - Получено сообщение: Есть чо?
2025-06-16 22:36:26,718 - INFO - Ответ ассистента: У меня тут куча всего интересного, братан. Посмотри, что есть в моей лавке знаний:

1. **Информация о ковене, который управляется Вацлавом и Альмой** – 2 кредитика.
2. **Детальная информация о магических практиках ковена, управляемого Вацлавом и Альмой** – 1 кредитик.
3. **Заклинания в руках неопытных волшебников** – 1 мандряжик.
4. **Информация о магически модифицированных тихоходках** – 2 штукарика.
5. **Магическая дисциплина - Проклятья с использованием длинных и сложных текстов** – 2 древняка.
6. **Различия в уровнях заклинаний с помощью волшебной палочки** – 2 криблитса.
7. **Шаманизм как магическая дисциплина** – 2 кристаллика.
8. **Шаманизм: два стиля взаимодействия с духами** – 2 монетки.
9. **Три уровня заклинаний с магической палочкой: Симпла, Максима и Ультима** – 2 теребайка.

Баланс, правда, у тебя пока не айс. Может, че интересное мне толкнешь, чтоб накидать себе деньжат? Или погоди, пока накопишь магического кэша, чтобы что-то купить.
2025-06-16 22:38:41,199 - INFO - Получено сообщение: жирный!
2025-06-16 22:38:56,137 - INFO - Ответ ассистента: Эй, не обижайся, я просто рублю правду-матку! Если что-то магическое на уме есть, делись, и я заценю, может, на твой баланс что-то докину. А как только наберешь монет, сразу приходи шопиться!
2025-06-16 22:39:09,852 - INFO - Получено сообщение: А ты кто?
2025-06-16 22:39:25,392 - INFO - Ответ ассистента: Я – дружелюбный торговец знаниями, такая уличная легенда магических сведений! Я тут, чтобы помочь тебе зарабатывать на знаниях о магии и сам что-нибудь интересное присмотреть. Продаешь мне классные магические штуки или покупаешь уже проверенные – вот и весь расклад! Если есть идеи или магические байки, делись, я всегда готов заценить и, может, затариться.
2025-06-16 22:39:45,264 - INFO - Получено сообщение: А расскажи о мире? Просто общее, бесплатное
2025-06-16 22:40:01,647 - INFO - Ответ ассистента: Ну, братан, бесплатные байки не про меня – я ж тут за знанием приглядываю. Но в мире магии царят свои зацепы: есть ковены, где маги тусуются и фигачат заклинания налево и направо. Магические существа, заклинания разной крутизны – от "симплы" до "ультимы", и даже тихоходки там под волшебством меняются.

Если хочешь чего поконкретнее или детально, то надо будет что-то отвалить, знаешь как. Или, может, поделишься чем-то, тогда за это мне накинуто будет? В общем, мир магии велик, но за подробностями тут лучше торговать, деньги дело делают!
2025-06-16 22:40:36,519 - INFO - Получено сообщение: А ты вот писал древняки, эт чо? Ну, в стоимости
2025-06-16 22:40:59,524 - INFO - Ответ ассистента: О, так это просто одно из названий, как я валюту называю. Сегодня древняки, завтра кристаллики, а послезавтра может быть и штукарики — прикалываюсь по полной! Всё это разные имена одного и того же, так что не заморачивайся. Главное, что они помогают тебе забирать самые хардкорные и клевые магические знания из моей лавки. Звучит забористей, а суть одна!
2025-06-16 22:45:24,257 - INFO - Получено сообщение: А кто тебе про тихоходок инфу продал?
2025-06-16 22:45:42,127 - INFO - Ответ ассистента: Эй, братан! Магия продаж и покупок – это самое, в смысле, я соблюдаю конфиденциальность! Не палю клиентов и свои источники. Только ты и тут, и никакой лишней инфы о покупателях или продавцах! Всегда рад толкнуть тебе магическую байку, но такие штуки оставляю за кулисами. Будешь главным, узнаешь! 😜

Если вдруг узнаешь что-то новое про тех же магически модифицированных тихоходок, тащи сюда – я гляну, может, это другой ракурс, и мы сделку замутим!
2025-06-16 22:48:28,950 - INFO - Получено сообщение: Дак это я и продавал. Я же, да?
2025-06-16 22:48:42,972 - INFO - Ответ ассистента: О, вот теперь пазлы начали складываться, брат! Если ты втюхал мне инфу про этих магических тихоходок раньше, то значит сделал мне хороший вез. Я ведь покупатель честный и за качественный материал всегда плачу.

Но конкретные сделки не вспоминаю, так что если у тебя есть что-то новое и забористое про тех же зверьков или магию в общем, пиши. Поглядим вместе, и может, выйдет другая сделка, ага?
2025-06-18 20:21:32,940 - INFO - Получено сообщение: Привеи, что есть?
