2025-07-01 05:02:44,817 - INFO - Создан новый пользователь с именем Басище
2025-07-01 05:03:00,779 - INFO - Создан новый поток (thread) для пользователя
2025-07-01 05:03:01,155 - INFO - Получено сообщение: Чем торгуешь?
2025-07-01 05:03:01,570 - INFO - Запускаю ассистента...
2025-07-01 05:03:14,767 - INFO - Получено 2 сообщений от ассистента
2025-07-01 05:03:14,767 - INFO - Сообщение 1: role=assistant, content_type=<class 'list'>
2025-07-01 05:03:14,767 - INFO - Найдено сообщение ассистента #1
2025-07-01 05:03:14,767 - INFO - Извлечен текст из content[0]: Ну вот, весь мой магический барахол! Смотрим, что у нас тут:

1. <b>О магических дисциплинах (от особого поставщика)</b> - ваще никто не скупается!
2. <b>О магических дисциплинах</b> - аж шесть штучек!
3. <b>О конкретных волшебниках или их группах</b> - опять пусто, никого нет.
4. <b>О магических существах</b> - одно что-то интересненькое.
5. <b>О магических местах и артефактах</b> - тоже одна штука.
6. <b>Прочие знания</b> - шесть записей.

Давай, может, чего-нибудь продашь или купишь? Нужен инфо-улов — начинай торговаться!...
2025-07-01 05:03:14,767 - INFO - Отправляю ответ пользователю: Ну вот, весь мой магический барахол! Смотрим, что у нас тут:

1. <b>О магических дисциплинах (от особого поставщика)</b> - ваще никто не скупается!
2. <b>О магических дисциплинах</b> - аж шесть штучек!
3. <b>О конкретных волшебниках или их группах</b> - опять пусто, никого нет.
4. <b>О магических существах</b> - одно что-то интересненькое.
5. <b>О магических местах и артефактах</b> - тоже одна штука.
6. <b>Прочие знания</b> - шесть записей.

Давай, может, чего-нибудь продашь или купишь? Нужен инфо-улов — начинай торговаться!...
2025-07-01 05:04:39,502 - INFO - Получено сообщение: О, из прочих покажи чо
2025-07-01 05:04:45,341 - INFO - Запускаю ассистента...
2025-07-01 05:04:55,227 - INFO - Получено 4 сообщений от ассистента
2025-07-01 05:04:55,227 - INFO - Сообщение 1: role=assistant, content_type=<class 'list'>
2025-07-01 05:04:55,227 - INFO - Найдено сообщение ассистента #1
2025-07-01 05:04:55,228 - INFO - Извлечен текст из content[0]: Эй, погляди, какие штуковинки в разделе «Прочие знания» у меня обитают! Может, чего приглянется?

Если решишь за что-то раскидать свои заморочки, — дай знать!...
2025-07-01 05:04:55,228 - INFO - Отправляю ответ пользователю: Эй, погляди, какие штуковинки в разделе «Прочие знания» у меня обитают! Может, чего приглянется?

Если решишь за что-то раскидать свои заморочки, — дай знать!...
